/index.html page loaded atTue Jul 23 2019 08:06:13 GMT+0300 (GMT+03:00)
/favicon.ico page loaded atTue Jul 23 2019 08:06:13 GMT+0300 (GMT+03:00)
/index.html page loaded atTue Jul 23 2019 08:06:13 GMT+0300 (GMT+03:00)
/main.css page loaded atTue Jul 23 2019 08:06:13 GMT+0300 (GMT+03:00)
/favicon.ico page loaded atTue Jul 23 2019 08:06:13 GMT+0300 (GMT+03:00)
/index.html page loaded atTue Jul 23 2019 08:06:14 GMT+0300 (GMT+03:00)
/main.css page loaded atTue Jul 23 2019 08:06:14 GMT+0300 (GMT+03:00)
/favicon.ico page loaded atTue Jul 23 2019 08:06:14 GMT+0300 (GMT+03:00)
/page3.html page loaded atTue Jul 23 2019 08:06:15 GMT+0300 (GMT+03:00)
/favicon.ico page loaded atTue Jul 23 2019 08:06:15 GMT+0300 (GMT+03:00)
/page3.html page loaded atTue Jul 23 2019 08:06:17 GMT+0300 (GMT+03:00)
/main.css page loaded atTue Jul 23 2019 08:06:17 GMT+0300 (GMT+03:00)
/favicon.ico page loaded atTue Jul 23 2019 08:06:17 GMT+0300 (GMT+03:00)
/eeee page loaded atTue Jul 23 2019 08:06:18 GMT+0300 (GMT+03:00)
/favicon.ico page loaded atTue Jul 23 2019 08:06:19 GMT+0300 (GMT+03:00)
/index.html page loaded atTue Jul 23 2019 08:06:20 GMT+0300 (GMT+03:00)
/main.css page loaded atTue Jul 23 2019 08:06:20 GMT+0300 (GMT+03:00)
/favicon.ico page loaded atTue Jul 23 2019 08:06:20 GMT+0300 (GMT+03:00)
/page2.html page loaded atTue Jul 23 2019 08:06:21 GMT+0300 (GMT+03:00)
/favicon.ico page loaded atTue Jul 23 2019 08:06:21 GMT+0300 (GMT+03:00)
/page2.html page loaded atTue Jul 23 2019 08:06:22 GMT+0300 (GMT+03:00)
/main.css page loaded atTue Jul 23 2019 08:06:22 GMT+0300 (GMT+03:00)
/favicon.ico page loaded atTue Jul 23 2019 08:06:22 GMT+0300 (GMT+03:00)
/page2.html page loaded atTue Jul 23 2019 08:20:33 GMT+0300 (GMT+03:00)
/favicon.ico page loaded atTue Jul 23 2019 08:20:33 GMT+0300 (GMT+03:00)
/page2.html page loaded atTue Jul 23 2019 08:20:34 GMT+0300 (GMT+03:00)
/main.css page loaded atTue Jul 23 2019 08:20:34 GMT+0300 (GMT+03:00)
/favicon.ico page loaded atTue Jul 23 2019 08:20:34 GMT+0300 (GMT+03:00)
/logs.html page loaded atTue Jul 23 2019 08:20:39 GMT+0300 (GMT+03:00)
/favicon.ico page loaded atTue Jul 23 2019 08:20:39 GMT+0300 (GMT+03:00)
/logs.html page loaded atTue Jul 23 2019 08:21:38 GMT+0300 (GMT+03:00)
/favicon.ico page loaded atTue Jul 23 2019 08:21:38 GMT+0300 (GMT+03:00)
/logs.html page loaded atTue Jul 23 2019 08:21:38 GMT+0300 (GMT+03:00)
/logsLoader.js page loaded atTue Jul 23 2019 08:21:38 GMT+0300 (GMT+03:00)
/main.css page loaded atTue Jul 23 2019 08:21:38 GMT+0300 (GMT+03:00)
/favicon.ico page loaded atTue Jul 23 2019 08:21:39 GMT+0300 (GMT+03:00)
/logs.html page loaded atTue Jul 23 2019 08:21:39 GMT+0300 (GMT+03:00)
/main.css page loaded atTue Jul 23 2019 08:21:39 GMT+0300 (GMT+03:00)
/logsLoader.js page loaded atTue Jul 23 2019 08:21:39 GMT+0300 (GMT+03:00)
/favicon.ico page loaded atTue Jul 23 2019 08:21:39 GMT+0300 (GMT+03:00)
/logs.html page loaded atTue Jul 23 2019 08:21:39 GMT+0300 (GMT+03:00)
/main.css page loaded atTue Jul 23 2019 08:21:39 GMT+0300 (GMT+03:00)
/logsLoader.js page loaded atTue Jul 23 2019 08:21:39 GMT+0300 (GMT+03:00)
/favicon.ico page loaded atTue Jul 23 2019 08:21:39 GMT+0300 (GMT+03:00)
/logs.html page loaded atTue Jul 23 2019 08:21:39 GMT+0300 (GMT+03:00)
/main.css page loaded atTue Jul 23 2019 08:21:39 GMT+0300 (GMT+03:00)
/logsLoader.js page loaded atTue Jul 23 2019 08:21:39 GMT+0300 (GMT+03:00)
/favicon.ico page loaded atTue Jul 23 2019 08:21:39 GMT+0300 (GMT+03:00)
/logs.html page loaded atTue Jul 23 2019 08:21:40 GMT+0300 (GMT+03:00)
/main.css page loaded atTue Jul 23 2019 08:21:40 GMT+0300 (GMT+03:00)
/logsLoader.js page loaded atTue Jul 23 2019 08:21:40 GMT+0300 (GMT+03:00)
/favicon.ico page loaded atTue Jul 23 2019 08:21:40 GMT+0300 (GMT+03:00)
/logs.html page loaded atTue Jul 23 2019 08:21:40 GMT+0300 (GMT+03:00)
/main.css page loaded atTue Jul 23 2019 08:21:40 GMT+0300 (GMT+03:00)
/logsLoader.js page loaded atTue Jul 23 2019 08:21:40 GMT+0300 (GMT+03:00)
/favicon.ico page loaded atTue Jul 23 2019 08:21:40 GMT+0300 (GMT+03:00)
/logs.html page loaded atTue Jul 23 2019 08:21:40 GMT+0300 (GMT+03:00)
/main.css page loaded atTue Jul 23 2019 08:21:40 GMT+0300 (GMT+03:00)
/logsLoader.js page loaded atTue Jul 23 2019 08:21:40 GMT+0300 (GMT+03:00)
/favicon.ico page loaded atTue Jul 23 2019 08:21:40 GMT+0300 (GMT+03:00)
/logs.html page loaded atTue Jul 23 2019 08:21:40 GMT+0300 (GMT+03:00)
/main.css page loaded atTue Jul 23 2019 08:21:40 GMT+0300 (GMT+03:00)
/logsLoader.js page loaded atTue Jul 23 2019 08:21:40 GMT+0300 (GMT+03:00)
/favicon.ico page loaded atTue Jul 23 2019 08:21:40 GMT+0300 (GMT+03:00)
/ page loaded atTue Jul 23 2019 08:22:03 GMT+0300 (GMT+03:00)
/main.css page loaded atTue Jul 23 2019 08:22:03 GMT+0300 (GMT+03:00)
/favicon.ico page loaded atTue Jul 23 2019 08:22:03 GMT+0300 (GMT+03:00)
/ page loaded atTue Jul 23 2019 08:22:05 GMT+0300 (GMT+03:00)
/main.css page loaded atTue Jul 23 2019 08:22:05 GMT+0300 (GMT+03:00)
/favicon.ico page loaded atTue Jul 23 2019 08:22:05 GMT+0300 (GMT+03:00)
/ page loaded atTue Jul 23 2019 08:22:05 GMT+0300 (GMT+03:00)
/main.css page loaded atTue Jul 23 2019 08:22:05 GMT+0300 (GMT+03:00)
/favicon.ico page loaded atTue Jul 23 2019 08:22:05 GMT+0300 (GMT+03:00)
/ page loaded atTue Jul 23 2019 08:22:05 GMT+0300 (GMT+03:00)
/main.css page loaded atTue Jul 23 2019 08:22:05 GMT+0300 (GMT+03:00)
/favicon.ico page loaded atTue Jul 23 2019 08:22:05 GMT+0300 (GMT+03:00)
/ page loaded atTue Jul 23 2019 08:22:05 GMT+0300 (GMT+03:00)
/main.css page loaded atTue Jul 23 2019 08:22:05 GMT+0300 (GMT+03:00)
/favicon.ico page loaded atTue Jul 23 2019 08:22:06 GMT+0300 (GMT+03:00)
/logs.html page loaded atTue Jul 23 2019 08:22:12 GMT+0300 (GMT+03:00)
/main.css page loaded atTue Jul 23 2019 08:22:12 GMT+0300 (GMT+03:00)
/logsLoader.js page loaded atTue Jul 23 2019 08:22:12 GMT+0300 (GMT+03:00)
/favicon.ico page loaded atTue Jul 23 2019 08:22:12 GMT+0300 (GMT+03:00)
/main.css page loaded atTue Jul 23 2019 08:22:15 GMT+0300 (GMT+03:00)
/logs.html page loaded atTue Jul 23 2019 08:23:49 GMT+0300 (GMT+03:00)
/favicon.ico page loaded atTue Jul 23 2019 08:23:49 GMT+0300 (GMT+03:00)
/logs.html page loaded atTue Jul 23 2019 08:23:50 GMT+0300 (GMT+03:00)
/main.css page loaded atTue Jul 23 2019 08:23:50 GMT+0300 (GMT+03:00)
/logsLoader.js page loaded atTue Jul 23 2019 08:23:50 GMT+0300 (GMT+03:00)
/favicon.ico page loaded atTue Jul 23 2019 08:23:50 GMT+0300 (GMT+03:00)
/logs.html page loaded atTue Jul 23 2019 08:23:50 GMT+0300 (GMT+03:00)
/main.css page loaded atTue Jul 23 2019 08:23:50 GMT+0300 (GMT+03:00)
/logsLoader.js page loaded atTue Jul 23 2019 08:23:50 GMT+0300 (GMT+03:00)
/favicon.ico page loaded atTue Jul 23 2019 08:23:50 GMT+0300 (GMT+03:00)
/logs.html page loaded atTue Jul 23 2019 08:23:51 GMT+0300 (GMT+03:00)
/main.css page loaded atTue Jul 23 2019 08:23:51 GMT+0300 (GMT+03:00)
/logsLoader.js page loaded atTue Jul 23 2019 08:23:51 GMT+0300 (GMT+03:00)
/favicon.ico page loaded atTue Jul 23 2019 08:23:51 GMT+0300 (GMT+03:00)
/logs.html page loaded atTue Jul 23 2019 08:23:51 GMT+0300 (GMT+03:00)
/main.css page loaded atTue Jul 23 2019 08:23:51 GMT+0300 (GMT+03:00)
/logsLoader.js page loaded atTue Jul 23 2019 08:23:51 GMT+0300 (GMT+03:00)
/favicon.ico page loaded atTue Jul 23 2019 08:23:51 GMT+0300 (GMT+03:00)
/logs.html page loaded atTue Jul 23 2019 08:23:51 GMT+0300 (GMT+03:00)
/main.css page loaded atTue Jul 23 2019 08:23:51 GMT+0300 (GMT+03:00)
/logsLoader.js page loaded atTue Jul 23 2019 08:23:51 GMT+0300 (GMT+03:00)
/favicon.ico page loaded atTue Jul 23 2019 08:23:51 GMT+0300 (GMT+03:00)
/ page loaded atTue Jul 23 2019 08:38:39 GMT+0300 (GMT+03:00)
/favicon.ico page loaded atTue Jul 23 2019 08:38:39 GMT+0300 (GMT+03:00)
/ page loaded atTue Jul 23 2019 08:38:40 GMT+0300 (GMT+03:00)
/main.css page loaded atTue Jul 23 2019 08:38:40 GMT+0300 (GMT+03:00)
/favicon.ico page loaded atTue Jul 23 2019 08:38:40 GMT+0300 (GMT+03:00)
/ page loaded atTue Jul 23 2019 08:38:41 GMT+0300 (GMT+03:00)
/main.css page loaded atTue Jul 23 2019 08:38:41 GMT+0300 (GMT+03:00)
/favicon.ico page loaded atTue Jul 23 2019 08:38:41 GMT+0300 (GMT+03:00)
/ page loaded atTue Jul 23 2019 08:38:42 GMT+0300 (GMT+03:00)
/main.css page loaded atTue Jul 23 2019 08:38:42 GMT+0300 (GMT+03:00)
/favicon.ico page loaded atTue Jul 23 2019 08:38:42 GMT+0300 (GMT+03:00)
/ page loaded atTue Jul 23 2019 08:38:42 GMT+0300 (GMT+03:00)
/main.css page loaded atTue Jul 23 2019 08:38:42 GMT+0300 (GMT+03:00)
/favicon.ico page loaded atTue Jul 23 2019 08:38:42 GMT+0300 (GMT+03:00)
/logs.html page loaded atTue Jul 23 2019 08:38:45 GMT+0300 (GMT+03:00)
/main.css page loaded atTue Jul 23 2019 08:38:45 GMT+0300 (GMT+03:00)
/logsLoader.js page loaded atTue Jul 23 2019 08:38:45 GMT+0300 (GMT+03:00)
/favicon.ico page loaded atTue Jul 23 2019 08:38:46 GMT+0300 (GMT+03:00)
/logs.html page loaded atTue Jul 23 2019 08:38:48 GMT+0300 (GMT+03:00)
/main.css page loaded atTue Jul 23 2019 08:38:48 GMT+0300 (GMT+03:00)
/logsLoader.js page loaded atTue Jul 23 2019 08:38:48 GMT+0300 (GMT+03:00)
/favicon.ico page loaded atTue Jul 23 2019 08:38:48 GMT+0300 (GMT+03:00)
/logs.html page loaded atTue Jul 23 2019 08:38:48 GMT+0300 (GMT+03:00)
/main.css page loaded atTue Jul 23 2019 08:38:48 GMT+0300 (GMT+03:00)
/logsLoader.js page loaded atTue Jul 23 2019 08:38:48 GMT+0300 (GMT+03:00)
/favicon.ico page loaded atTue Jul 23 2019 08:38:48 GMT+0300 (GMT+03:00)
/logs.html page loaded atTue Jul 23 2019 08:38:48 GMT+0300 (GMT+03:00)
/main.css page loaded atTue Jul 23 2019 08:38:48 GMT+0300 (GMT+03:00)
/logsLoader.js page loaded atTue Jul 23 2019 08:38:48 GMT+0300 (GMT+03:00)
/favicon.ico page loaded atTue Jul 23 2019 08:38:48 GMT+0300 (GMT+03:00)
/main.css page loaded atTue Jul 23 2019 08:38:49 GMT+0300 (GMT+03:00)
/logs.html page loaded atTue Jul 23 2019 08:40:29 GMT+0300 (GMT+03:00)
/main.css page loaded atTue Jul 23 2019 08:40:29 GMT+0300 (GMT+03:00)
/logsLoader.js page loaded atTue Jul 23 2019 08:40:29 GMT+0300 (GMT+03:00)
/favicon.ico page loaded atTue Jul 23 2019 08:40:29 GMT+0300 (GMT+03:00)
/logs.html page loaded atTue Jul 23 2019 08:40:29 GMT+0300 (GMT+03:00)
/main.css page loaded atTue Jul 23 2019 08:40:29 GMT+0300 (GMT+03:00)
/logsLoader.js page loaded atTue Jul 23 2019 08:40:29 GMT+0300 (GMT+03:00)
/favicon.ico page loaded atTue Jul 23 2019 08:40:29 GMT+0300 (GMT+03:00)
/logs.html page loaded atTue Jul 23 2019 08:40:30 GMT+0300 (GMT+03:00)
/main.css page loaded atTue Jul 23 2019 08:40:30 GMT+0300 (GMT+03:00)
/logsLoader.js page loaded atTue Jul 23 2019 08:40:30 GMT+0300 (GMT+03:00)
/favicon.ico page loaded atTue Jul 23 2019 08:40:30 GMT+0300 (GMT+03:00)
/logs.html page loaded atTue Jul 23 2019 08:40:30 GMT+0300 (GMT+03:00)
/main.css page loaded atTue Jul 23 2019 08:40:30 GMT+0300 (GMT+03:00)
/logsLoader.js page loaded atTue Jul 23 2019 08:40:30 GMT+0300 (GMT+03:00)
/favicon.ico page loaded atTue Jul 23 2019 08:40:30 GMT+0300 (GMT+03:00)
/logs.html page loaded atTue Jul 23 2019 08:40:30 GMT+0300 (GMT+03:00)
/main.css page loaded atTue Jul 23 2019 08:40:30 GMT+0300 (GMT+03:00)
/logsLoader.js page loaded atTue Jul 23 2019 08:40:30 GMT+0300 (GMT+03:00)
/favicon.ico page loaded atTue Jul 23 2019 08:40:30 GMT+0300 (GMT+03:00)
/logs.html page loaded atTue Jul 23 2019 08:40:30 GMT+0300 (GMT+03:00)
/main.css page loaded atTue Jul 23 2019 08:40:30 GMT+0300 (GMT+03:00)
/logsLoader.js page loaded atTue Jul 23 2019 08:40:30 GMT+0300 (GMT+03:00)
/favicon.ico page loaded atTue Jul 23 2019 08:40:30 GMT+0300 (GMT+03:00)
/logs.html page loaded atTue Jul 23 2019 08:43:44 GMT+0300 (GMT+03:00)
/logs.html page loaded atTue Jul 23 2019 08:44:17 GMT+0300 (GMT+03:00)
/logs.html page loaded atTue Jul 23 2019 08:44:47 GMT+0300 (GMT+03:00)
/logs.html page loaded atTue Jul 23 2019 08:45:23 GMT+0300 (GMT+03:00)
/favicon.ico page loaded atTue Jul 23 2019 08:45:23 GMT+0300 (GMT+03:00)
/logs.html page loaded atTue Jul 23 2019 08:45:25 GMT+0300 (GMT+03:00)
/main.css page loaded atTue Jul 23 2019 08:45:25 GMT+0300 (GMT+03:00)
/favicon.ico page loaded atTue Jul 23 2019 08:45:26 GMT+0300 (GMT+03:00)
/logs.html page loaded atTue Jul 23 2019 08:45:26 GMT+0300 (GMT+03:00)
/main.css page loaded atTue Jul 23 2019 08:45:26 GMT+0300 (GMT+03:00)
/favicon.ico page loaded atTue Jul 23 2019 08:45:26 GMT+0300 (GMT+03:00)
/logs.html page loaded atTue Jul 23 2019 08:45:26 GMT+0300 (GMT+03:00)
/main.css page loaded atTue Jul 23 2019 08:45:26 GMT+0300 (GMT+03:00)
/favicon.ico page loaded atTue Jul 23 2019 08:45:26 GMT+0300 (GMT+03:00)
/logs.html page loaded atTue Jul 23 2019 08:45:26 GMT+0300 (GMT+03:00)
/main.css page loaded atTue Jul 23 2019 08:45:26 GMT+0300 (GMT+03:00)
/favicon.ico page loaded atTue Jul 23 2019 08:45:26 GMT+0300 (GMT+03:00)
/logs.html page loaded atTue Jul 23 2019 08:45:27 GMT+0300 (GMT+03:00)
/main.css page loaded atTue Jul 23 2019 08:45:27 GMT+0300 (GMT+03:00)
/favicon.ico page loaded atTue Jul 23 2019 08:45:27 GMT+0300 (GMT+03:00)
/logs.html page loaded atTue Jul 23 2019 08:45:27 GMT+0300 (GMT+03:00)
/main.css page loaded atTue Jul 23 2019 08:45:27 GMT+0300 (GMT+03:00)
/favicon.ico page loaded atTue Jul 23 2019 08:45:27 GMT+0300 (GMT+03:00)
/ page loaded atTue Jul 23 2019 08:45:29 GMT+0300 (GMT+03:00)
/main.css page loaded atTue Jul 23 2019 08:45:29 GMT+0300 (GMT+03:00)
/favicon.ico page loaded atTue Jul 23 2019 08:45:29 GMT+0300 (GMT+03:00)
/ page loaded atTue Jul 23 2019 08:45:30 GMT+0300 (GMT+03:00)
/main.css page loaded atTue Jul 23 2019 08:45:30 GMT+0300 (GMT+03:00)
/favicon.ico page loaded atTue Jul 23 2019 08:45:30 GMT+0300 (GMT+03:00)
/ page loaded atTue Jul 23 2019 08:45:31 GMT+0300 (GMT+03:00)
/main.css page loaded atTue Jul 23 2019 08:45:31 GMT+0300 (GMT+03:00)
/favicon.ico page loaded atTue Jul 23 2019 08:45:31 GMT+0300 (GMT+03:00)
/ page loaded atTue Jul 23 2019 08:45:31 GMT+0300 (GMT+03:00)
/main.css page loaded atTue Jul 23 2019 08:45:31 GMT+0300 (GMT+03:00)
/favicon.ico page loaded atTue Jul 23 2019 08:45:31 GMT+0300 (GMT+03:00)
/ page loaded atTue Jul 23 2019 08:45:31 GMT+0300 (GMT+03:00)
/main.css page loaded atTue Jul 23 2019 08:45:31 GMT+0300 (GMT+03:00)
/favicon.ico page loaded atTue Jul 23 2019 08:45:31 GMT+0300 (GMT+03:00)
/logs.html page loaded atTue Jul 23 2019 08:45:37 GMT+0300 (GMT+03:00)
/main.css page loaded atTue Jul 23 2019 08:45:37 GMT+0300 (GMT+03:00)
/favicon.ico page loaded atTue Jul 23 2019 08:45:37 GMT+0300 (GMT+03:00)
/logs.html page loaded atTue Jul 23 2019 08:46:01 GMT+0300 (GMT+03:00)
/main.css page loaded atTue Jul 23 2019 08:46:01 GMT+0300 (GMT+03:00)
/favicon.ico page loaded atTue Jul 23 2019 08:46:01 GMT+0300 (GMT+03:00)
/logs.html page loaded atTue Jul 23 2019 08:46:02 GMT+0300 (GMT+03:00)
/main.css page loaded atTue Jul 23 2019 08:46:02 GMT+0300 (GMT+03:00)
/favicon.ico page loaded atTue Jul 23 2019 08:46:02 GMT+0300 (GMT+03:00)
/logs.html page loaded atTue Jul 23 2019 08:46:02 GMT+0300 (GMT+03:00)
/main.css page loaded atTue Jul 23 2019 08:46:02 GMT+0300 (GMT+03:00)
/favicon.ico page loaded atTue Jul 23 2019 08:46:02 GMT+0300 (GMT+03:00)
/logs.html page loaded atTue Jul 23 2019 08:46:02 GMT+0300 (GMT+03:00)
/main.css page loaded atTue Jul 23 2019 08:46:02 GMT+0300 (GMT+03:00)
/favicon.ico page loaded atTue Jul 23 2019 08:46:02 GMT+0300 (GMT+03:00)
/logs.html page loaded atTue Jul 23 2019 08:46:13 GMT+0300 (GMT+03:00)
/main.css page loaded atTue Jul 23 2019 08:46:13 GMT+0300 (GMT+03:00)
/favicon.ico page loaded atTue Jul 23 2019 08:46:13 GMT+0300 (GMT+03:00)
/logs.html page loaded atTue Jul 23 2019 08:46:13 GMT+0300 (GMT+03:00)
/main.css page loaded atTue Jul 23 2019 08:46:13 GMT+0300 (GMT+03:00)
/favicon.ico page loaded atTue Jul 23 2019 08:46:13 GMT+0300 (GMT+03:00)
/logs.html page loaded atTue Jul 23 2019 08:46:16 GMT+0300 (GMT+03:00)
/favicon.ico page loaded atTue Jul 23 2019 08:46:16 GMT+0300 (GMT+03:00)
/logs.html page loaded atTue Jul 23 2019 08:46:16 GMT+0300 (GMT+03:00)
/favicon.ico page loaded atTue Jul 23 2019 08:46:16 GMT+0300 (GMT+03:00)
/logs.html page loaded atTue Jul 23 2019 08:46:16 GMT+0300 (GMT+03:00)
/favicon.ico page loaded atTue Jul 23 2019 08:46:16 GMT+0300 (GMT+03:00)
/logs.html page loaded atTue Jul 23 2019 08:46:16 GMT+0300 (GMT+03:00)
/favicon.ico page loaded atTue Jul 23 2019 08:46:16 GMT+0300 (GMT+03:00)
/logs.html page loaded atTue Jul 23 2019 08:46:16 GMT+0300 (GMT+03:00)
/favicon.ico page loaded atTue Jul 23 2019 08:46:16 GMT+0300 (GMT+03:00)
/logs.html page loaded atTue Jul 23 2019 08:46:17 GMT+0300 (GMT+03:00)
/favicon.ico page loaded atTue Jul 23 2019 08:46:17 GMT+0300 (GMT+03:00)
/logs.html page loaded atTue Jul 23 2019 08:46:17 GMT+0300 (GMT+03:00)
/favicon.ico page loaded atTue Jul 23 2019 08:46:17 GMT+0300 (GMT+03:00)
/logs.html page loaded atTue Jul 23 2019 08:46:17 GMT+0300 (GMT+03:00)
/favicon.ico page loaded atTue Jul 23 2019 08:46:18 GMT+0300 (GMT+03:00)
/logs.html page loaded atTue Jul 23 2019 08:46:18 GMT+0300 (GMT+03:00)
/favicon.ico page loaded atTue Jul 23 2019 08:46:18 GMT+0300 (GMT+03:00)
/logs.html page loaded atTue Jul 23 2019 08:46:18 GMT+0300 (GMT+03:00)
/favicon.ico page loaded atTue Jul 23 2019 08:46:18 GMT+0300 (GMT+03:00)
/logs.html page loaded atTue Jul 23 2019 08:46:18 GMT+0300 (GMT+03:00)
/favicon.ico page loaded atTue Jul 23 2019 08:46:18 GMT+0300 (GMT+03:00)
/logs.html page loaded atTue Jul 23 2019 08:46:18 GMT+0300 (GMT+03:00)
/favicon.ico page loaded atTue Jul 23 2019 08:46:18 GMT+0300 (GMT+03:00)
/logs page loaded atTue Jul 23 2019 08:46:19 GMT+0300 (GMT+03:00)
/favicon.ico page loaded atTue Jul 23 2019 08:46:20 GMT+0300 (GMT+03:00)
/logs page loaded atTue Jul 23 2019 08:46:57 GMT+0300 (GMT+03:00)
/favicon.ico page loaded atTue Jul 23 2019 08:46:57 GMT+0300 (GMT+03:00)
/logs page loaded atTue Jul 23 2019 08:46:57 GMT+0300 (GMT+03:00)
/favicon.ico page loaded atTue Jul 23 2019 08:46:57 GMT+0300 (GMT+03:00)
/logs page loaded atTue Jul 23 2019 08:46:57 GMT+0300 (GMT+03:00)
/favicon.ico page loaded atTue Jul 23 2019 08:46:57 GMT+0300 (GMT+03:00)
/logs.html page loaded atTue Jul 23 2019 08:47:02 GMT+0300 (GMT+03:00)
/favicon.ico page loaded atTue Jul 23 2019 08:47:02 GMT+0300 (GMT+03:00)
/logs.html page loaded atTue Jul 23 2019 08:47:02 GMT+0300 (GMT+03:00)
/favicon.ico page loaded atTue Jul 23 2019 08:47:02 GMT+0300 (GMT+03:00)
/logs.html page loaded atTue Jul 23 2019 08:47:02 GMT+0300 (GMT+03:00)
/favicon.ico page loaded atTue Jul 23 2019 08:47:03 GMT+0300 (GMT+03:00)
/logs.html page loaded atTue Jul 23 2019 08:47:03 GMT+0300 (GMT+03:00)
/favicon.ico page loaded atTue Jul 23 2019 08:47:03 GMT+0300 (GMT+03:00)
/logs.html page loaded atTue Jul 23 2019 08:47:03 GMT+0300 (GMT+03:00)
/favicon.ico page loaded atTue Jul 23 2019 08:47:03 GMT+0300 (GMT+03:00)
/logs.html page loaded atTue Jul 23 2019 08:47:03 GMT+0300 (GMT+03:00)
/favicon.ico page loaded atTue Jul 23 2019 08:47:03 GMT+0300 (GMT+03:00)
/logs.html page loaded atTue Jul 23 2019 08:47:06 GMT+0300 (GMT+03:00)
/favicon.ico page loaded atTue Jul 23 2019 08:47:06 GMT+0300 (GMT+03:00)
/logs.html page loaded atTue Jul 23 2019 08:47:06 GMT+0300 (GMT+03:00)
/favicon.ico page loaded atTue Jul 23 2019 08:47:06 GMT+0300 (GMT+03:00)
/logs.html page loaded atTue Jul 23 2019 08:47:06 GMT+0300 (GMT+03:00)
/favicon.ico page loaded atTue Jul 23 2019 08:47:06 GMT+0300 (GMT+03:00)
/logs.html page loaded atTue Jul 23 2019 08:47:06 GMT+0300 (GMT+03:00)
/favicon.ico page loaded atTue Jul 23 2019 08:47:06 GMT+0300 (GMT+03:00)
/logs.html page loaded at Tue Jul 23 2019 08:52:11 GMT+0300 (GMT+03:00)
/logs.html page loaded at Tue Jul 23 2019 08:52:36 GMT+0300 (GMT+03:00)
/logs.html page loaded at Tue Jul 23 2019 08:53:17 GMT+0300 (GMT+03:00)
/logs.html page loaded at Tue Jul 23 2019 08:53:33 GMT+0300 (GMT+03:00)
/favicon.ico page loaded at Tue Jul 23 2019 08:53:33 GMT+0300 (GMT+03:00)
/logs.html page loaded at Tue Jul 23 2019 08:53:43 GMT+0300 (GMT+03:00)
/favicon.ico page loaded at Tue Jul 23 2019 08:53:43 GMT+0300 (GMT+03:00)
/logs.html page loaded at Tue Jul 23 2019 08:53:43 GMT+0300 (GMT+03:00)
/favicon.ico page loaded at Tue Jul 23 2019 08:53:43 GMT+0300 (GMT+03:00)
/logs.html page loaded at Tue Jul 23 2019 08:53:43 GMT+0300 (GMT+03:00)
/favicon.ico page loaded at Tue Jul 23 2019 08:53:43 GMT+0300 (GMT+03:00)
/logs.html page loaded at Tue Jul 23 2019 08:58:40 GMT+0300 (GMT+03:00)
/logs.html page loaded at Tue Jul 23 2019 08:58:53 GMT+0300 (GMT+03:00)
/logs.html page loaded at Tue Jul 23 2019 08:59:00 GMT+0300 (GMT+03:00)
/logs.html page loaded at Tue Jul 23 2019 08:59:16 GMT+0300 (GMT+03:00)
/l page loaded at Tue Jul 23 2019 08:59:22 GMT+0300 (GMT+03:00)
/favicon.ico page loaded at Tue Jul 23 2019 08:59:22 GMT+0300 (GMT+03:00)
/l page loaded at Tue Jul 23 2019 08:59:24 GMT+0300 (GMT+03:00)
/favicon.ico page loaded at Tue Jul 23 2019 08:59:24 GMT+0300 (GMT+03:00)
/l page loaded at Tue Jul 23 2019 08:59:25 GMT+0300 (GMT+03:00)
/favicon.ico page loaded at Tue Jul 23 2019 08:59:25 GMT+0300 (GMT+03:00)
/l page loaded at Tue Jul 23 2019 08:59:25 GMT+0300 (GMT+03:00)
/favicon.ico page loaded at Tue Jul 23 2019 08:59:25 GMT+0300 (GMT+03:00)
/l page loaded at Tue Jul 23 2019 08:59:25 GMT+0300 (GMT+03:00)
/favicon.ico page loaded at Tue Jul 23 2019 08:59:25 GMT+0300 (GMT+03:00)
/l page loaded at Tue Jul 23 2019 09:02:12 GMT+0300 (GMT+03:00)
/favicon.ico page loaded at Tue Jul 23 2019 09:02:12 GMT+0300 (GMT+03:00)
/l page loaded at Tue Jul 23 2019 09:02:13 GMT+0300 (GMT+03:00)
/favicon.ico page loaded at Tue Jul 23 2019 09:02:13 GMT+0300 (GMT+03:00)
/logs.html page loaded at Tue Jul 23 2019 09:02:15 GMT+0300 (GMT+03:00)
/logs.html page loaded at Tue Jul 23 2019 09:06:48 GMT+0300 (GMT+03:00)
/favicon.ico page loaded at Tue Jul 23 2019 09:06:49 GMT+0300 (GMT+03:00)
/logs.html page loaded at Tue Jul 23 2019 09:06:51 GMT+0300 (GMT+03:00)
/favicon.ico page loaded at Tue Jul 23 2019 09:06:51 GMT+0300 (GMT+03:00)
/logs page loaded at Tue Jul 23 2019 09:06:53 GMT+0300 (GMT+03:00)
/logs page loaded at Tue Jul 23 2019 09:07:19 GMT+0300 (GMT+03:00)
/logs page loaded at Tue Jul 23 2019 09:07:31 GMT+0300 (GMT+03:00)
/logs page loaded at Tue Jul 23 2019 09:07:39 GMT+0300 (GMT+03:00)
/logs page loaded at Tue Jul 23 2019 09:08:02 GMT+0300 (GMT+03:00)
/favicon.ico page loaded at Tue Jul 23 2019 09:08:02 GMT+0300 (GMT+03:00)
/logs.html page loaded at Tue Jul 23 2019 09:08:07 GMT+0300 (GMT+03:00)
/logs.html page loaded at Tue Jul 23 2019 09:08:34 GMT+0300 (GMT+03:00)
/favicon.ico page loaded at Tue Jul 23 2019 09:08:34 GMT+0300 (GMT+03:00)
/logs.html page loaded at Tue Jul 23 2019 09:08:35 GMT+0300 (GMT+03:00)
/favicon.ico page loaded at Tue Jul 23 2019 09:08:35 GMT+0300 (GMT+03:00)
/logs.html page loaded at Tue Jul 23 2019 09:08:50 GMT+0300 (GMT+03:00)
/favicon.ico page loaded at Tue Jul 23 2019 09:08:50 GMT+0300 (GMT+03:00)
/logs.html page loaded at Tue Jul 23 2019 09:09:29 GMT+0300 (GMT+03:00)
/favicon.ico page loaded at Tue Jul 23 2019 09:09:29 GMT+0300 (GMT+03:00)
/logs.html page loaded at Tue Jul 23 2019 09:09:29 GMT+0300 (GMT+03:00)
/favicon.ico page loaded at Tue Jul 23 2019 09:09:30 GMT+0300 (GMT+03:00)
